<?xml version="1.0" encoding="UTF-8"?>
<!-- Generated by org.testng.reporters.JUnitReportReporter -->
<testsuite hostname="DESKTOP-QBRLA8H" failures="0" tests="1" name="com.DemowebShop1TestScript.addToCartTest" time="28.116" errors="0" timestamp="2024-02-22T11:57:55 IST" skipped="0">
  <testcase classname="com.DemowebShop1TestScript.addToCartTest" name="TC_ShoppingCart_001" time="28.116">
    <system-out>
      <![CDATA[user not logged in]]>
    </system-out>
  </testcase> <!-- TC_ShoppingCart_001 -->
  <system-out>
    <![CDATA[user not logged in]]>
  </system-out>
</testsuite> <!-- com.DemowebShop1TestScript.addToCartTest -->
