<?xml version="1.0" encoding="UTF-8"?>
<!-- Generated by org.testng.reporters.JUnitReportReporter -->
<testsuite hostname="DESKTOP-QBRLA8H" failures="0" tests="4" name="com.DemowebShop1TestScript.Logintest" time="111.956" errors="0" timestamp="2024-02-22T09:38:26 IST" skipped="0">
  <testcase classname="com.DemowebShop1TestScript.Logintest" name="TC_Login_001" time="26.127">
    <system-out>
      <![CDATA[user not logged in]]>
    </system-out>
  </testcase> <!-- TC_Login_001 -->
  <testcase classname="com.DemowebShop1TestScript.Logintest" name="TC_Login_001" time="27.820">
    <system-out>
      <![CDATA[user not logged in]]>
    </system-out>
  </testcase> <!-- TC_Login_001 -->
  <testcase classname="com.DemowebShop1TestScript.Logintest" name="TC_Login_001" time="30.967">
    <system-out>
      <![CDATA[user not logged in]]>
    </system-out>
  </testcase> <!-- TC_Login_001 -->
  <testcase classname="com.DemowebShop1TestScript.Logintest" name="TC_Login_001" time="27.042">
    <system-out>
      <![CDATA[user not logged in]]>
    </system-out>
  </testcase> <!-- TC_Login_001 -->
  <system-out>
    <![CDATA[user not logged in
user not logged in
user not logged in
user not logged in]]>
  </system-out>
</testsuite> <!-- com.DemowebShop1TestScript.Logintest -->
