<?xml version="1.0" encoding="UTF-8"?>
<!-- Generated by org.testng.reporters.JUnitReportReporter -->
<testsuite hostname="DESKTOP-QBRLA8H" failures="0" tests="4" name="com.DemowebShop1TestScript.registertest" time="105.511" errors="0" timestamp="2024-02-22T09:41:59 IST" skipped="0">
  <testcase classname="com.DemowebShop1TestScript.registertest" name="TC_register_002" time="22.909">
    <system-out>
      <![CDATA[user not registered]]>
    </system-out>
  </testcase> <!-- TC_register_002 -->
  <testcase classname="com.DemowebShop1TestScript.registertest" name="TC_register_002" time="27.403">
    <system-out>
      <![CDATA[user not registered]]>
    </system-out>
  </testcase> <!-- TC_register_002 -->
  <testcase classname="com.DemowebShop1TestScript.registertest" name="TC_register_002" time="27.490">
    <system-out>
      <![CDATA[user not registered]]>
    </system-out>
  </testcase> <!-- TC_register_002 -->
  <testcase classname="com.DemowebShop1TestScript.registertest" name="TC_register_002" time="27.709">
    <system-out>
      <![CDATA[user not registered]]>
    </system-out>
  </testcase> <!-- TC_register_002 -->
  <system-out>
    <![CDATA[user not registered
user not registered
user not registered
user not registered]]>
  </system-out>
</testsuite> <!-- com.DemowebShop1TestScript.registertest -->
